Logfile initialized
[INFO] logfile = /Users/lucheins/Desktop/Xenn Mobile/titaniumNightClub_4_2/build.log
[INFO] logfile = /Users/lucheins/Desktop/Xenn Mobile/titaniumNightClub_4_2/build.log
[DEBUG] /Users/lucheins/Library/Application Support/Titanium/mobilesdk/osx/3.1.1.GA/android/builder.py simulator titaniumNightClub /Applications/android-sdk-mac /Users/lucheins/Desktop/Xenn Mobile/titaniumNightClub_4_2 com.nextwebart.tnc 9 WQVGA432
[DEBUG] /Users/lucheins/Library/Application Support/Titanium/mobilesdk/osx/3.1.1.GA/android/builder.py emulator titaniumNightClub /Applications/android-sdk-mac /Users/lucheins/Desktop/Xenn Mobile/titaniumNightClub_4_2 com.nextwebart.tnc 9 WQVGA432 armeabi-v7a
[INFO] Launching Android emulator...one moment
[INFO] Building titaniumNightClub for Android ... one moment
[DEBUG] From: /Applications/android-sdk-mac/tools/emulator
[DEBUG] SDCard: /Users/lucheins/.titanium/android2.sdcard
[DEBUG] AVD ID: 9
[DEBUG] AVD Skin: WQVGA432
[DEBUG] AVD ABI: armeabi-v7a
[DEBUG] SDK: /Applications/android-sdk-mac
[INFO] Emulator is running.
[INFO] Titanium SDK version: 3.1.1 (06/15/13 16:09 f7592c1)
[DEBUG] Waiting for device to be ready ...
[TRACE] adb devices returned 1 devices/emulators
[DEBUG] Device connected... (waited 0 seconds)
[DEBUG] waited 0.015124 seconds on emulator to get ready
[DEBUG] com.nextwebart.tnc installed? False
[INFO] Fastdev server running, deploying in Fastdev mode
[INFO] Copying CommonJS modules...
[INFO] Copying project resources..
[DEBUG] LiveView not enabled
[INFO] Tiapp.xml unchanged, skipping class generation
[DEBUG] Processing Android resource drawables
[INFO] Copying platform-specific files for 'Facebook' module
[DEBUG] Removed duplicate string [com_facebook_dialogloginactivity_ok_button] from /Users/lucheins/Desktop/Xenn Mobile/titaniumNightClub_4_2/build/android/res/values-es/strings.xml
[DEBUG] Removed duplicate string [com_facebook_loginview_log_out_button] from /Users/lucheins/Desktop/Xenn Mobile/titaniumNightClub_4_2/build/android/res/values-es/strings.xml
[DEBUG] Removed duplicate string [com_facebook_loginview_log_in_button] from /Users/lucheins/Desktop/Xenn Mobile/titaniumNightClub_4_2/build/android/res/values-es/strings.xml
[DEBUG] Removed duplicate string [com_facebook_loginview_logged_in_as] from /Users/lucheins/Desktop/Xenn Mobile/titaniumNightClub_4_2/build/android/res/values-es/strings.xml
[DEBUG] Removed duplicate string [com_facebook_loginview_logged_in_using_facebook] from /Users/lucheins/Desktop/Xenn Mobile/titaniumNightClub_4_2/build/android/res/values-es/strings.xml
[DEBUG] Removed duplicate string [com_facebook_loginview_log_out_action] from /Users/lucheins/Desktop/Xenn Mobile/titaniumNightClub_4_2/build/android/res/values-es/strings.xml
[DEBUG] Removed duplicate string [com_facebook_loginview_cancel_action] from /Users/lucheins/Desktop/Xenn Mobile/titaniumNightClub_4_2/build/android/res/values-es/strings.xml
[DEBUG] Removed duplicate string [com_facebook_logo_content_description] from /Users/lucheins/Desktop/Xenn Mobile/titaniumNightClub_4_2/build/android/res/values-es/strings.xml
[DEBUG] Removed duplicate string [com_facebook_usersettingsfragment_log_in_button] from /Users/lucheins/Desktop/Xenn Mobile/titaniumNightClub_4_2/build/android/res/values-es/strings.xml
[DEBUG] Removed duplicate string [com_facebook_usersettingsfragment_logged_in] from /Users/lucheins/Desktop/Xenn Mobile/titaniumNightClub_4_2/build/android/res/values-es/strings.xml
[DEBUG] Removed duplicate string [com_facebook_usersettingsfragment_not_logged_in] from /Users/lucheins/Desktop/Xenn Mobile/titaniumNightClub_4_2/build/android/res/values-es/strings.xml
[DEBUG] Removed duplicate string [com_facebook_placepicker_subtitle_format] from /Users/lucheins/Desktop/Xenn Mobile/titaniumNightClub_4_2/build/android/res/values-es/strings.xml
[DEBUG] Removed duplicate string [com_facebook_placepicker_subtitle_catetory_only_format] from /Users/lucheins/Desktop/Xenn Mobile/titaniumNightClub_4_2/build/android/res/values-es/strings.xml
[DEBUG] Removed duplicate string [com_facebook_placepicker_subtitle_were_here_only_format] from /Users/lucheins/Desktop/Xenn Mobile/titaniumNightClub_4_2/build/android/res/values-es/strings.xml
[DEBUG] Removed duplicate string [com_facebook_picker_done_button_text] from /Users/lucheins/Desktop/Xenn Mobile/titaniumNightClub_4_2/build/android/res/values-es/strings.xml
[DEBUG] Removed duplicate string [com_facebook_choose_friends] from /Users/lucheins/Desktop/Xenn Mobile/titaniumNightClub_4_2/build/android/res/values-es/strings.xml
[DEBUG] Removed duplicate string [com_facebook_nearby] from /Users/lucheins/Desktop/Xenn Mobile/titaniumNightClub_4_2/build/android/res/values-es/strings.xml
[DEBUG] Removed duplicate string [com_facebook_loading] from /Users/lucheins/Desktop/Xenn Mobile/titaniumNightClub_4_2/build/android/res/values-es/strings.xml
[DEBUG] Removed duplicate string [com_facebook_internet_permission_error_title] from /Users/lucheins/Desktop/Xenn Mobile/titaniumNightClub_4_2/build/android/res/values-es/strings.xml
[DEBUG] Removed duplicate string [com_facebook_internet_permission_error_message] from /Users/lucheins/Desktop/Xenn Mobile/titaniumNightClub_4_2/build/android/res/values-es/strings.xml
[DEBUG] Removed duplicate string [com_facebook_requesterror_web_login] from /Users/lucheins/Desktop/Xenn Mobile/titaniumNightClub_4_2/build/android/res/values-es/strings.xml
[DEBUG] Removed duplicate string [com_facebook_requesterror_relogin] from /Users/lucheins/Desktop/Xenn Mobile/titaniumNightClub_4_2/build/android/res/values-es/strings.xml
[DEBUG] Removed duplicate string [com_facebook_requesterror_password_changed] from /Users/lucheins/Desktop/Xenn Mobile/titaniumNightClub_4_2/build/android/res/values-es/strings.xml
[DEBUG] Removed duplicate string [com_facebook_requesterror_reconnect] from /Users/lucheins/Desktop/Xenn Mobile/titaniumNightClub_4_2/build/android/res/values-es/strings.xml
[DEBUG] Removed duplicate string [com_facebook_requesterror_permissions] from /Users/lucheins/Desktop/Xenn Mobile/titaniumNightClub_4_2/build/android/res/values-es/strings.xml
[DEBUG] Removed duplicate string [com_facebook_loginview_log_out_button] from /Users/lucheins/Desktop/Xenn Mobile/titaniumNightClub_4_2/build/android/res/values-he/strings.xml
[DEBUG] Removed duplicate string [com_facebook_loginview_log_in_button] from /Users/lucheins/Desktop/Xenn Mobile/titaniumNightClub_4_2/build/android/res/values-he/strings.xml
[DEBUG] Removed duplicate string [com_facebook_loginview_logged_in_as] from /Users/lucheins/Desktop/Xenn Mobile/titaniumNightClub_4_2/build/android/res/values-he/strings.xml
[DEBUG] Removed duplicate string [com_facebook_loginview_logged_in_using_facebook] from /Users/lucheins/Desktop/Xenn Mobile/titaniumNightClub_4_2/build/android/res/values-he/strings.xml
[DEBUG] Removed duplicate string [com_facebook_loginview_log_out_action] from /Users/lucheins/Desktop/Xenn Mobile/titaniumNightClub_4_2/build/android/res/values-he/strings.xml
[DEBUG] Removed duplicate string [com_facebook_loginview_cancel_action] from /Users/lucheins/Desktop/Xenn Mobile/titaniumNightClub_4_2/build/android/res/values-he/strings.xml
[DEBUG] Removed duplicate string [com_facebook_logo_content_description] from /Users/lucheins/Desktop/Xenn Mobile/titaniumNightClub_4_2/build/android/res/values-he/strings.xml
[DEBUG] Removed duplicate string [com_facebook_usersettingsfragment_log_in_button] from /Users/lucheins/Desktop/Xenn Mobile/titaniumNightClub_4_2/build/android/res/values-he/strings.xml
[DEBUG] Removed duplicate string [com_facebook_usersettingsfragment_logged_in] from /Users/lucheins/Desktop/Xenn Mobile/titaniumNightClub_4_2/build/android/res/values-he/strings.xml
[DEBUG] Removed duplicate string [com_facebook_usersettingsfragment_not_logged_in] from /Users/lucheins/Desktop/Xenn Mobile/titaniumNightClub_4_2/build/android/res/values-he/strings.xml
[DEBUG] Removed duplicate string [com_facebook_placepicker_subtitle_format] from /Users/lucheins/Desktop/Xenn Mobile/titaniumNightClub_4_2/build/android/res/values-he/strings.xml
[DEBUG] Removed duplicate string [com_facebook_placepicker_subtitle_catetory_only_format] from /Users/lucheins/Desktop/Xenn Mobile/titaniumNightClub_4_2/build/android/res/values-he/strings.xml
[DEBUG] Removed duplicate string [com_facebook_placepicker_subtitle_were_here_only_format] from /Users/lucheins/Desktop/Xenn Mobile/titaniumNightClub_4_2/build/android/res/values-he/strings.xml
[DEBUG] Removed duplicate string [com_facebook_picker_done_button_text] from /Users/lucheins/Desktop/Xenn Mobile/titaniumNightClub_4_2/build/android/res/values-he/strings.xml
[DEBUG] Removed duplicate string [com_facebook_choose_friends] from /Users/lucheins/Desktop/Xenn Mobile/titaniumNightClub_4_2/build/android/res/values-he/strings.xml
[DEBUG] Removed duplicate string [com_facebook_nearby] from /Users/lucheins/Desktop/Xenn Mobile/titaniumNightClub_4_2/build/android/res/values-he/strings.xml
[DEBUG] Removed duplicate string [com_facebook_loading] from /Users/lucheins/Desktop/Xenn Mobile/titaniumNightClub_4_2/build/android/res/values-he/strings.xml
[DEBUG] Removed duplicate string [com_facebook_internet_permission_error_title] from /Users/lucheins/Desktop/Xenn Mobile/titaniumNightClub_4_2/build/android/res/values-he/strings.xml
[DEBUG] Removed duplicate string [com_facebook_internet_permission_error_message] from /Users/lucheins/Desktop/Xenn Mobile/titaniumNightClub_4_2/build/android/res/values-he/strings.xml
[DEBUG] Removed duplicate string [com_facebook_requesterror_web_login] from /Users/lucheins/Desktop/Xenn Mobile/titaniumNightClub_4_2/build/android/res/values-he/strings.xml
[DEBUG] Removed duplicate string [com_facebook_requesterror_relogin] from /Users/lucheins/Desktop/Xenn Mobile/titaniumNightClub_4_2/build/android/res/values-he/strings.xml
[DEBUG] Removed duplicate string [com_facebook_requesterror_password_changed] from /Users/lucheins/Desktop/Xenn Mobile/titaniumNightClub_4_2/build/android/res/values-he/strings.xml
[DEBUG] Removed duplicate string [com_facebook_requesterror_reconnect] from /Users/lucheins/Desktop/Xenn Mobile/titaniumNightClub_4_2/build/android/res/values-he/strings.xml
[DEBUG] Removed duplicate string [com_facebook_requesterror_permissions] from /Users/lucheins/Desktop/Xenn Mobile/titaniumNightClub_4_2/build/android/res/values-he/strings.xml
[DEBUG] Removed duplicate string [com_facebook_dialogloginactivity_ok_button] from /Users/lucheins/Desktop/Xenn Mobile/titaniumNightClub_4_2/build/android/res/values-he/strings.xml
[DEBUG] Removed duplicate string [com_facebook_loginview_log_out_button] from /Users/lucheins/Desktop/Xenn Mobile/titaniumNightClub_4_2/build/android/res/values-iw/strings.xml
[DEBUG] Removed duplicate string [com_facebook_loginview_log_in_button] from /Users/lucheins/Desktop/Xenn Mobile/titaniumNightClub_4_2/build/android/res/values-iw/strings.xml
[DEBUG] Removed duplicate string [com_facebook_loginview_logged_in_as] from /Users/lucheins/Desktop/Xenn Mobile/titaniumNightClub_4_2/build/android/res/values-iw/strings.xml
[DEBUG] Removed duplicate string [com_facebook_loginview_logged_in_using_facebook] from /Users/lucheins/Desktop/Xenn Mobile/titaniumNightClub_4_2/build/android/res/values-iw/strings.xml
[DEBUG] Removed duplicate string [com_facebook_loginview_log_out_action] from /Users/lucheins/Desktop/Xenn Mobile/titaniumNightClub_4_2/build/android/res/values-iw/strings.xml
[DEBUG] Removed duplicate string [com_facebook_loginview_cancel_action] from /Users/lucheins/Desktop/Xenn Mobile/titaniumNightClub_4_2/build/android/res/values-iw/strings.xml
[DEBUG] Removed duplicate string [com_facebook_logo_content_description] from /Users/lucheins/Desktop/Xenn Mobile/titaniumNightClub_4_2/build/android/res/values-iw/strings.xml
[DEBUG] Removed duplicate string [com_facebook_usersettingsfragment_log_in_button] from /Users/lucheins/Desktop/Xenn Mobile/titaniumNightClub_4_2/build/android/res/values-iw/strings.xml
[DEBUG] Removed duplicate string [com_facebook_usersettingsfragment_logged_in] from /Users/lucheins/Desktop/Xenn Mobile/titaniumNightClub_4_2/build/android/res/values-iw/strings.xml
[DEBUG] Removed duplicate string [com_facebook_usersettingsfragment_not_logged_in] from /Users/lucheins/Desktop/Xenn Mobile/titaniumNightClub_4_2/build/android/res/values-iw/strings.xml
[DEBUG] Removed duplicate string [com_facebook_placepicker_subtitle_format] from /Users/lucheins/Desktop/Xenn Mobile/titaniumNightClub_4_2/build/android/res/values-iw/strings.xml
[DEBUG] Removed duplicate string [com_facebook_placepicker_subtitle_catetory_only_format] from /Users/lucheins/Desktop/Xenn Mobile/titaniumNightClub_4_2/build/android/res/values-iw/strings.xml
[DEBUG] Removed duplicate string [com_facebook_placepicker_subtitle_were_here_only_format] from /Users/lucheins/Desktop/Xenn Mobile/titaniumNightClub_4_2/build/android/res/values-iw/strings.xml
[DEBUG] Removed duplicate string [com_facebook_picker_done_button_text] from /Users/lucheins/Desktop/Xenn Mobile/titaniumNightClub_4_2/build/android/res/values-iw/strings.xml
[DEBUG] Removed duplicate string [com_facebook_choose_friends] from /Users/lucheins/Desktop/Xenn Mobile/titaniumNightClub_4_2/build/android/res/values-iw/strings.xml
[DEBUG] Removed duplicate string [com_facebook_nearby] from /Users/lucheins/Desktop/Xenn Mobile/titaniumNightClub_4_2/build/android/res/values-iw/strings.xml
[DEBUG] Removed duplicate string [com_facebook_loading] from /Users/lucheins/Desktop/Xenn Mobile/titaniumNightClub_4_2/build/android/res/values-iw/strings.xml
[DEBUG] Removed duplicate string [com_facebook_internet_permission_error_title] from /Users/lucheins/Desktop/Xenn Mobile/titaniumNightClub_4_2/build/android/res/values-iw/strings.xml
[DEBUG] Removed duplicate string [com_facebook_internet_permission_error_message] from /Users/lucheins/Desktop/Xenn Mobile/titaniumNightClub_4_2/build/android/res/values-iw/strings.xml
[DEBUG] Removed duplicate string [com_facebook_requesterror_web_login] from /Users/lucheins/Desktop/Xenn Mobile/titaniumNightClub_4_2/build/android/res/values-iw/strings.xml
[DEBUG] Removed duplicate string [com_facebook_requesterror_relogin] from /Users/lucheins/Desktop/Xenn Mobile/titaniumNightClub_4_2/build/android/res/values-iw/strings.xml
[DEBUG] Removed duplicate string [com_facebook_requesterror_password_changed] from /Users/lucheins/Desktop/Xenn Mobile/titaniumNightClub_4_2/build/android/res/values-iw/strings.xml
[DEBUG] Removed duplicate string [com_facebook_requesterror_reconnect] from /Users/lucheins/Desktop/Xenn Mobile/titaniumNightClub_4_2/build/android/res/values-iw/strings.xml
[DEBUG] Removed duplicate string [com_facebook_requesterror_permissions] from /Users/lucheins/Desktop/Xenn Mobile/titaniumNightClub_4_2/build/android/res/values-iw/strings.xml
[DEBUG] Removed duplicate string [com_facebook_dialogloginactivity_ok_button] from /Users/lucheins/Desktop/Xenn Mobile/titaniumNightClub_4_2/build/android/res/values-iw/strings.xml
[DEBUG] Removed duplicate node [com_facebook_picker_fragment] from /Users/lucheins/Desktop/Xenn Mobile/titaniumNightClub_4_2/build/android/res/values/attrs.xml
[DEBUG] Removed duplicate node [com_facebook_friend_picker_fragment] from /Users/lucheins/Desktop/Xenn Mobile/titaniumNightClub_4_2/build/android/res/values/attrs.xml
[DEBUG] Removed duplicate node [com_facebook_place_picker_fragment] from /Users/lucheins/Desktop/Xenn Mobile/titaniumNightClub_4_2/build/android/res/values/attrs.xml
[DEBUG] Removed duplicate node [com_facebook_login_view] from /Users/lucheins/Desktop/Xenn Mobile/titaniumNightClub_4_2/build/android/res/values/attrs.xml
[DEBUG] Removed duplicate node [com_facebook_profile_picture_view] from /Users/lucheins/Desktop/Xenn Mobile/titaniumNightClub_4_2/build/android/res/values/attrs.xml
[DEBUG] Removed duplicate node [com_facebook_blue] from /Users/lucheins/Desktop/Xenn Mobile/titaniumNightClub_4_2/build/android/res/values/styles.xml
[DEBUG] Removed duplicate node [com_facebook_usersettingsfragment_connected_text_color] from /Users/lucheins/Desktop/Xenn Mobile/titaniumNightClub_4_2/build/android/res/values/styles.xml
[DEBUG] Removed duplicate node [com_facebook_usersettingsfragment_connected_shadow_color] from /Users/lucheins/Desktop/Xenn Mobile/titaniumNightClub_4_2/build/android/res/values/styles.xml
[DEBUG] Removed duplicate node [com_facebook_usersettingsfragment_not_connected_text_color] from /Users/lucheins/Desktop/Xenn Mobile/titaniumNightClub_4_2/build/android/res/values/styles.xml
[DEBUG] Removed duplicate node [com_facebook_loginview_text_color] from /Users/lucheins/Desktop/Xenn Mobile/titaniumNightClub_4_2/build/android/res/values/styles.xml
[DEBUG] Removed duplicate node [com_facebook_usersettingsfragment_profile_picture_width] from /Users/lucheins/Desktop/Xenn Mobile/titaniumNightClub_4_2/build/android/res/values/styles.xml
[DEBUG] Removed duplicate node [com_facebook_usersettingsfragment_profile_picture_height] from /Users/lucheins/Desktop/Xenn Mobile/titaniumNightClub_4_2/build/android/res/values/styles.xml
[DEBUG] Removed duplicate node [com_facebook_loginview_padding_left] from /Users/lucheins/Desktop/Xenn Mobile/titaniumNightClub_4_2/build/android/res/values/styles.xml
[DEBUG] Removed duplicate node [com_facebook_loginview_padding_right] from /Users/lucheins/Desktop/Xenn Mobile/titaniumNightClub_4_2/build/android/res/values/styles.xml
[DEBUG] Removed duplicate node [com_facebook_loginview_padding_top] from /Users/lucheins/Desktop/Xenn Mobile/titaniumNightClub_4_2/build/android/res/values/styles.xml
[DEBUG] Removed duplicate node [com_facebook_loginview_padding_bottom] from /Users/lucheins/Desktop/Xenn Mobile/titaniumNightClub_4_2/build/android/res/values/styles.xml
[DEBUG] Removed duplicate node [com_facebook_loginview_width] from /Users/lucheins/Desktop/Xenn Mobile/titaniumNightClub_4_2/build/android/res/values/styles.xml
[DEBUG] Removed duplicate node [com_facebook_loginview_height] from /Users/lucheins/Desktop/Xenn Mobile/titaniumNightClub_4_2/build/android/res/values/styles.xml
[DEBUG] Removed duplicate node [com_facebook_loginview_text_size] from /Users/lucheins/Desktop/Xenn Mobile/titaniumNightClub_4_2/build/android/res/values/styles.xml
[DEBUG] Removed duplicate node [com_facebook_profilepictureview_preset_size_small] from /Users/lucheins/Desktop/Xenn Mobile/titaniumNightClub_4_2/build/android/res/values/styles.xml
[DEBUG] Removed duplicate node [com_facebook_profilepictureview_preset_size_normal] from /Users/lucheins/Desktop/Xenn Mobile/titaniumNightClub_4_2/build/android/res/values/styles.xml
[DEBUG] Removed duplicate node [com_facebook_profilepictureview_preset_size_large] from /Users/lucheins/Desktop/Xenn Mobile/titaniumNightClub_4_2/build/android/res/values/styles.xml
[DEBUG] Removed duplicate node [com_facebook_loginview_default_style] from /Users/lucheins/Desktop/Xenn Mobile/titaniumNightClub_4_2/build/android/res/values/styles.xml
[DEBUG] Removed duplicate node [com_facebook_loginview_silver_style] from /Users/lucheins/Desktop/Xenn Mobile/titaniumNightClub_4_2/build/android/res/values/styles.xml
[DEBUG] found drawable-long-land-hdpi splash screen at /Users/lucheins/Desktop/Xenn Mobile/titaniumNightClub_4_2/Resources/android/images/res-long-land-hdpi/default.png
[DEBUG] found drawable-long-land-ldpi splash screen at /Users/lucheins/Desktop/Xenn Mobile/titaniumNightClub_4_2/Resources/android/images/res-long-land-ldpi/default.png
[DEBUG] found drawable-long-port-hdpi splash screen at /Users/lucheins/Desktop/Xenn Mobile/titaniumNightClub_4_2/Resources/android/images/res-long-port-hdpi/default.png
[DEBUG] found drawable-long-port-ldpi splash screen at /Users/lucheins/Desktop/Xenn Mobile/titaniumNightClub_4_2/Resources/android/images/res-long-port-ldpi/default.png
[DEBUG] found drawable-notlong-land-hdpi splash screen at /Users/lucheins/Desktop/Xenn Mobile/titaniumNightClub_4_2/Resources/android/images/res-notlong-land-hdpi/default.png
[DEBUG] found drawable-notlong-land-ldpi splash screen at /Users/lucheins/Desktop/Xenn Mobile/titaniumNightClub_4_2/Resources/android/images/res-notlong-land-ldpi/default.png
[DEBUG] found drawable-notlong-land-mdpi splash screen at /Users/lucheins/Desktop/Xenn Mobile/titaniumNightClub_4_2/Resources/android/images/res-notlong-land-mdpi/default.png
[DEBUG] found drawable-notlong-port-hdpi splash screen at /Users/lucheins/Desktop/Xenn Mobile/titaniumNightClub_4_2/Resources/android/images/res-notlong-port-hdpi/default.png
[DEBUG] found drawable-notlong-port-ldpi splash screen at /Users/lucheins/Desktop/Xenn Mobile/titaniumNightClub_4_2/Resources/android/images/res-notlong-port-ldpi/default.png
[DEBUG] found drawable-notlong-port-mdpi splash screen at /Users/lucheins/Desktop/Xenn Mobile/titaniumNightClub_4_2/Resources/android/images/res-notlong-port-mdpi/default.png
[DEBUG] Added 'screenSize' to <activity android:configChanges> because targeted api level 17 is >= 13
[DEBUG] creating unsigned apk: /Users/lucheins/Desktop/Xenn Mobile/titaniumNightClub_4_2/build/android/bin/app-unsigned.apk
[DEBUG] from JAR /Users/lucheins/Library/Application Support/Titanium/mobilesdk/osx/3.1.1.GA/android/titanium.jar => org/appcelerator/titanium/build.properties
[DEBUG] from JAR /Users/lucheins/Library/Application Support/Titanium/mobilesdk/osx/3.1.1.GA/android/titanium.jar => org/appcelerator/titanium/res/drawable/background.png
[DEBUG] from JAR /Users/lucheins/Library/Application Support/Titanium/mobilesdk/osx/3.1.1.GA/android/titanium.jar => org/appcelerator/titanium/res/drawable/btn_check_buttonless_on.png
[DEBUG] from JAR /Users/lucheins/Library/Application Support/Titanium/mobilesdk/osx/3.1.1.GA/android/titanium.jar => org/appcelerator/titanium/res/drawable/btn_check_buttonless_on_18.png
[DEBUG] from JAR /Users/lucheins/Library/Application Support/Titanium/mobilesdk/osx/3.1.1.GA/android/titanium.jar => org/appcelerator/titanium/res/drawable/btn_check_buttonless_on_48.png
[DEBUG] from JAR /Users/lucheins/Library/Application Support/Titanium/mobilesdk/osx/3.1.1.GA/android/titanium.jar => org/appcelerator/titanium/res/drawable/btn_check_buttonless_on_64.png
[DEBUG] from JAR /Users/lucheins/Library/Application Support/Titanium/mobilesdk/osx/3.1.1.GA/android/titanium.jar => org/appcelerator/titanium/res/drawable/btn_more.png
[DEBUG] from JAR /Users/lucheins/Library/Application Support/Titanium/mobilesdk/osx/3.1.1.GA/android/titanium.jar => org/appcelerator/titanium/res/drawable/btn_more_18.png
[DEBUG] from JAR /Users/lucheins/Library/Application Support/Titanium/mobilesdk/osx/3.1.1.GA/android/titanium.jar => org/appcelerator/titanium/res/drawable/btn_more_48.png
[DEBUG] from JAR /Users/lucheins/Library/Application Support/Titanium/mobilesdk/osx/3.1.1.GA/android/titanium.jar => org/appcelerator/titanium/res/drawable/btn_more_64.png
[DEBUG] from JAR /Users/lucheins/Library/Application Support/Titanium/mobilesdk/osx/3.1.1.GA/android/titanium.jar => org/appcelerator/titanium/res/drawable/btn_picker_normal.9.png
[DEBUG] from JAR /Users/lucheins/Library/Application Support/Titanium/mobilesdk/osx/3.1.1.GA/android/titanium.jar => org/appcelerator/titanium/res/drawable/btn_picker_pressed.9.png
[DEBUG] from JAR /Users/lucheins/Library/Application Support/Titanium/mobilesdk/osx/3.1.1.GA/android/titanium.jar => org/appcelerator/titanium/res/drawable/btn_picker_selected.9.png
[DEBUG] from JAR /Users/lucheins/Library/Application Support/Titanium/mobilesdk/osx/3.1.1.GA/android/titanium.jar => org/appcelerator/titanium/res/drawable/default_icon.png
[DEBUG] from JAR /Users/lucheins/Library/Application Support/Titanium/mobilesdk/osx/3.1.1.GA/android/titanium.jar => org/appcelerator/titanium/res/drawable/photoDefault.png
[DEBUG] from JAR /Users/lucheins/Library/Application Support/Titanium/mobilesdk/osx/3.1.1.GA/android/modules/titanium-ui.jar => ti/modules/titanium/ui/widget/webview/binding.js
[DEBUG] from JAR /Users/lucheins/Library/Application Support/Titanium/mobilesdk/osx/3.1.1.GA/android/modules/titanium-ui.jar => ti/modules/titanium/ui/widget/webview/binding.min.js
[DEBUG] from JAR /Users/lucheins/Library/Application Support/Titanium/mobilesdk/osx/3.1.1.GA/android/modules/titanium-ui.jar => ti/modules/titanium/ui/widget/webview/json2.js
[DEBUG] from JAR /Users/lucheins/Library/Application Support/Titanium/mobilesdk/osx/3.1.1.GA/android/modules/titanium-ui.jar => ti/modules/titanium/ui/widget/webview/polling.js
[DEBUG] from JAR /Users/lucheins/Library/Application Support/Titanium/mobilesdk/osx/3.1.1.GA/android/modules/titanium-ui.jar => ti/modules/titanium/ui/widget/webview/polling.min.js
[DEBUG] from JAR /Users/lucheins/Library/Application Support/Titanium/mobilesdk/osx/3.1.1.GA/android/thirdparty.jar => org/apache/Commons-NOTICE.txt
[DEBUG] from JAR /Users/lucheins/Library/Application Support/Titanium/mobilesdk/osx/3.1.1.GA/android/thirdparty.jar => org/apache/HttpComponents-NOTICE.txt
[DEBUG] from JAR /Users/lucheins/Library/Application Support/Titanium/mobilesdk/osx/3.1.1.GA/android/thirdparty.jar => org/apache/mime4j-NOTICE.txt
[DEBUG] installing native lib: /Users/lucheins/Library/Application Support/Titanium/modules/android/facebook/3.0.0/libs/armeabi/libfacebook.so
[DEBUG] installing native lib: /Users/lucheins/Library/Application Support/Titanium/modules/android/facebook/3.0.0/libs/armeabi-v7a/libfacebook.so
[DEBUG] installing native lib: /Users/lucheins/Library/Application Support/Titanium/modules/android/facebook/3.0.0/libs/x86/libfacebook.so
[DEBUG] installing native lib: /Users/lucheins/Library/Application Support/Titanium/modules/android/ti.map/2.1.1/libs/armeabi/libti.map.so
[DEBUG] installing native lib: /Users/lucheins/Library/Application Support/Titanium/modules/android/ti.map/2.1.1/libs/armeabi-v7a/libti.map.so
[DEBUG] installing native lib: /Users/lucheins/Library/Application Support/Titanium/modules/android/ti.map/2.1.1/libs/x86/libti.map.so
[DEBUG] installing native SDK libs
[DEBUG] Waiting for device to be ready ...
[TRACE] adb devices returned 1 devices/emulators
[DEBUG] Device connected... (waited 0 seconds)
[DEBUG] waited 0.015245 seconds on emulator to get ready
[INFO] Installing application on emulator
